<?xml version="1.0" encoding="UTF-8"?>
<robot generator="Robot 3.0.4 (Python 3.6.4 on darwin)" generated="20200213 13:51:26.755">
<suite id="s1" name="LoginModdy" source="/Users/pearbum/LoginModdy/LoginModdy.robot">
<test id="s1-t1" name="[F1_login_001]-Verify login page">
<kw name="Open web Login">
<kw name="Open Browser" library="Selenium2Library">
<doc>Opens a new browser instance to the given ``url``.</doc>
<arguments>
<arg>${urlWeb}</arg>
<arg>gc</arg>
</arguments>
<msg timestamp="20200213 13:51:26.875" level="INFO">Opening browser 'gc' to base url 'https://fir-login-up.firebaseapp.com/login'.</msg>
<status status="PASS" starttime="20200213 13:51:26.875" endtime="20200213 13:51:31.795"></status>
</kw>
<status status="PASS" starttime="20200213 13:51:26.874" endtime="20200213 13:51:31.795"></status>
</kw>
<kw name="Verify login page">
<kw name="Wait Until Page Contains Element" library="Selenium2Library">
<doc>Waits until element ``locator`` appears on current page.</doc>
<arguments>
<arg>${txtLogin}</arg>
</arguments>
<status status="PASS" starttime="20200213 13:51:31.796" endtime="20200213 13:51:31.812"></status>
</kw>
<kw name="Wait Until Page Contains Element" library="Selenium2Library">
<doc>Waits until element ``locator`` appears on current page.</doc>
<arguments>
<arg>${txtUsernamr}</arg>
</arguments>
<status status="PASS" starttime="20200213 13:51:31.812" endtime="20200213 13:51:31.823"></status>
</kw>
<kw name="Wait Until Page Contains Element" library="Selenium2Library">
<doc>Waits until element ``locator`` appears on current page.</doc>
<arguments>
<arg>${txtPassword}</arg>
</arguments>
<status status="PASS" starttime="20200213 13:51:31.823" endtime="20200213 13:51:31.831"></status>
</kw>
<kw name="Element Text Should Be" library="Selenium2Library">
<doc>Verifies that element ``locator`` contains exact text ``expected``.</doc>
<arguments>
<arg>${txtLogin}</arg>
<arg>${Login}</arg>
</arguments>
<msg timestamp="20200213 13:51:31.831" level="INFO">Verifying element '//h3[@id='divTitleLogin']' contains exact text 'Login'.</msg>
<status status="PASS" starttime="20200213 13:51:31.831" endtime="20200213 13:51:31.847"></status>
</kw>
<kw name="Element Text Should Be" library="Selenium2Library">
<doc>Verifies that element ``locator`` contains exact text ``expected``.</doc>
<arguments>
<arg>${txtUsernamr}</arg>
<arg>${Username}</arg>
</arguments>
<msg timestamp="20200213 13:51:31.848" level="INFO">Verifying element '//label[@for="username"]' contains exact text 'Username:'.</msg>
<status status="PASS" starttime="20200213 13:51:31.847" endtime="20200213 13:51:31.864"></status>
</kw>
<kw name="Element Text Should Be" library="Selenium2Library">
<doc>Verifies that element ``locator`` contains exact text ``expected``.</doc>
<arguments>
<arg>${txtPassword}</arg>
<arg>${Password}</arg>
</arguments>
<msg timestamp="20200213 13:51:31.864" level="INFO">Verifying element '//label[@for="password"]' contains exact text 'Password:'.</msg>
<status status="PASS" starttime="20200213 13:51:31.864" endtime="20200213 13:51:31.878"></status>
</kw>
<status status="PASS" starttime="20200213 13:51:31.795" endtime="20200213 13:51:31.878"></status>
</kw>
<kw name="Close Browser" library="Selenium2Library">
<doc>Closes the current browser.</doc>
<status status="PASS" starttime="20200213 13:51:31.878" endtime="20200213 13:51:31.959"></status>
</kw>
<status status="PASS" starttime="20200213 13:51:26.874" endtime="20200213 13:51:31.959" critical="yes"></status>
</test>
<status status="PASS" starttime="20200213 13:51:26.757" endtime="20200213 13:51:31.960"></status>
</suite>
<statistics>
<total>
<stat pass="1" fail="0">Critical Tests</stat>
<stat pass="1" fail="0">All Tests</stat>
</total>
<tag>
</tag>
<suite>
<stat pass="1" fail="0" id="s1" name="LoginModdy">LoginModdy</stat>
</suite>
</statistics>
<errors>
</errors>
</robot>
